This is pdfTeX, Version 3.14159265-2.6-1.40.21 (TeX Live 2020) (preloaded format=pdflatex 2021.3.28)  24 AUG 2022 18:11
entering extended mode
 restricted \write18 enabled.
 %&-line parsing enabled.
**main.tex
(./main.tex
LaTeX2e <2020-02-02> patch level 5
L3 programming layer <2020-03-06>
(/usr/local/texlive/2020/texmf-dist/tex/latex/base/article.cls
Document Class: article 2019/12/20 v1.4l Standard LaTeX document class
(/usr/local/texlive/2020/texmf-dist/tex/latex/base/size12.clo
File: size12.clo 2019/12/20 v1.4l Standard LaTeX file (size option)
)
\c@part=\count167
\c@section=\count168
\c@subsection=\count169
\c@subsubsection=\count170
\c@paragraph=\count171
\c@subparagraph=\count172
\c@figure=\count173
\c@table=\count174
\abovecaptionskip=\skip47
\belowcaptionskip=\skip48
\bibindent=\dimen134
)
(/usr/local/texlive/2020/texmf-dist/tex/latex/graphics/graphicx.sty
Package: graphicx 2019/11/30 v1.2a Enhanced LaTeX Graphics (DPC,SPQR)

(/usr/local/texlive/2020/texmf-dist/tex/latex/graphics/keyval.sty
Package: keyval 2014/10/28 v1.15 key=value parser (DPC)
\KV@toks@=\toks15
)
(/usr/local/texlive/2020/texmf-dist/tex/latex/graphics/graphics.sty
Package: graphics 2019/11/30 v1.4a Standard LaTeX Graphics (DPC,SPQR)

(/usr/local/texlive/2020/texmf-dist/tex/latex/graphics/trig.sty
Package: trig 2016/01/03 v1.10 sin cos tan (DPC)
)
(/usr/local/texlive/2020/texmf-dist/tex/latex/graphics-cfg/graphics.cfg
File: graphics.cfg 2016/06/04 v1.11 sample graphics configuration
)
Package graphics Info: Driver file: pdftex.def on input line 105.

(/usr/local/texlive/2020/texmf-dist/tex/latex/graphics-def/pdftex.def
File: pdftex.def 2018/01/08 v1.0l Graphics/color driver for pdftex
))
\Gin@req@height=\dimen135
\Gin@req@width=\dimen136
)
(/usr/local/texlive/2020/texmf-dist/tex/latex/graphics/lscape.sty
Package: lscape 2000/10/22 v3.01 Landscape Pages (DPC)
)
(/usr/local/texlive/2020/texmf-dist/tex/latex/graphics/rotating.sty
Package: rotating 2016/08/11 v2.16d rotated objects in LaTeX

(/usr/local/texlive/2020/texmf-dist/tex/latex/base/ifthen.sty
Package: ifthen 2014/09/29 v1.1c Standard LaTeX ifthen package (DPC)
)
\c@r@tfl@t=\count175
\rotFPtop=\skip49
\rotFPbot=\skip50
\rot@float@box=\box45
\rot@mess@toks=\toks16
)
(/usr/local/texlive/2020/texmf-dist/tex/latex/tools/longtable.sty
Package: longtable 2020/01/07 v4.13 Multi-page Table package (DPC)
\LTleft=\skip51
\LTright=\skip52
\LTpre=\skip53
\LTpost=\skip54
\LTchunksize=\count176
\LTcapwidth=\dimen137
\LT@head=\box46
\LT@firsthead=\box47
\LT@foot=\box48
\LT@lastfoot=\box49
\LT@cols=\count177
\LT@rows=\count178
\c@LT@tables=\count179
\c@LT@chunks=\count180
\LT@p@ftn=\toks17
)
(/usr/local/texlive/2020/texmf-dist/tex/latex/tools/tabularx.sty
Package: tabularx 2020/01/15 v2.11c `tabularx' package (DPC)

(/usr/local/texlive/2020/texmf-dist/tex/latex/tools/array.sty
Package: array 2019/08/31 v2.4l Tabular extension package (FMi)
\col@sep=\dimen138
\ar@mcellbox=\box50
\extrarowheight=\dimen139
\NC@list=\toks18
\extratabsurround=\skip55
\backup@length=\skip56
\ar@cellbox=\box51
)
\TX@col@width=\dimen140
\TX@old@table=\dimen141
\TX@old@col=\dimen142
\TX@target=\dimen143
\TX@delta=\dimen144
\TX@cols=\count181
\TX@ftn=\toks19
)
(/usr/local/texlive/2020/texmf-dist/tex/latex/amsmath/amsmath.sty
Package: amsmath 2020/01/20 v2.17e AMS math features
\@mathmargin=\skip57

For additional information on amsmath, use the `?' option.
(/usr/local/texlive/2020/texmf-dist/tex/latex/amsmath/amstext.sty
Package: amstext 2000/06/29 v2.01 AMS text

(/usr/local/texlive/2020/texmf-dist/tex/latex/amsmath/amsgen.sty
File: amsgen.sty 1999/11/30 v2.0 generic functions
\@emptytoks=\toks20
\ex@=\dimen145
))
(/usr/local/texlive/2020/texmf-dist/tex/latex/amsmath/amsbsy.sty
Package: amsbsy 1999/11/29 v1.2d Bold Symbols
\pmbraise@=\dimen146
)
(/usr/local/texlive/2020/texmf-dist/tex/latex/amsmath/amsopn.sty
Package: amsopn 2016/03/08 v2.02 operator names
)
\inf@bad=\count182
LaTeX Info: Redefining \frac on input line 227.
\uproot@=\count183
\leftroot@=\count184
LaTeX Info: Redefining \overline on input line 389.
\classnum@=\count185
\DOTSCASE@=\count186
LaTeX Info: Redefining \ldots on input line 486.
LaTeX Info: Redefining \dots on input line 489.
LaTeX Info: Redefining \cdots on input line 610.
\Mathstrutbox@=\box52
\strutbox@=\box53
\big@size=\dimen147
LaTeX Font Info:    Redeclaring font encoding OML on input line 733.
LaTeX Font Info:    Redeclaring font encoding OMS on input line 734.
\macc@depth=\count187
\c@MaxMatrixCols=\count188
\dotsspace@=\muskip16
\c@parentequation=\count189
\dspbrk@lvl=\count190
\tag@help=\toks21
\row@=\count191
\column@=\count192
\maxfields@=\count193
\andhelp@=\toks22
\eqnshift@=\dimen148
\alignsep@=\dimen149
\tagshift@=\dimen150
\tagwidth@=\dimen151
\totwidth@=\dimen152
\lineht@=\dimen153
\@envbody=\toks23
\multlinegap=\skip58
\multlinetaggap=\skip59
\mathdisplay@stack=\toks24
LaTeX Info: Redefining \[ on input line 2859.
LaTeX Info: Redefining \] on input line 2860.
)
(/usr/local/texlive/2020/texmf-dist/tex/latex/base/latexsym.sty
Package: latexsym 1998/08/17 v2.2e Standard LaTeX package (lasy symbols)
\symlasy=\mathgroup4
LaTeX Font Info:    Overwriting symbol font `lasy' in version `bold'
(Font)                  U/lasy/m/n --> U/lasy/b/n on input line 52.
)
(/usr/local/texlive/2020/texmf-dist/tex/latex/amsfonts/amssymb.sty
Package: amssymb 2013/01/14 v3.01 AMS font symbols

(/usr/local/texlive/2020/texmf-dist/tex/latex/amsfonts/amsfonts.sty
Package: amsfonts 2013/01/14 v3.01 Basic AMSFonts support
\symAMSa=\mathgroup5
\symAMSb=\mathgroup6
LaTeX Font Info:    Redeclaring math symbol \hbar on input line 98.
LaTeX Font Info:    Overwriting math alphabet `\mathfrak' in version `bold'
(Font)                  U/euf/m/n --> U/euf/b/n on input line 106.
))
(/usr/local/texlive/2020/texmf-dist/tex/latex/setspace/setspace.sty
Package: setspace 2011/12/19 v6.7a set line spacing
)
(/usr/local/texlive/2020/texmf-dist/tex/latex/amsfonts/euscript.sty
Package: euscript 2009/06/22 v3.00 Euler Script fonts
LaTeX Font Info:    Overwriting math alphabet `\EuScript' in version `bold'
(Font)                  U/eus/m/n --> U/eus/b/n on input line 33.
)
(/usr/local/texlive/2020/texmf-dist/tex/latex/fancyhdr/fancyhdr.sty
Package: fancyhdr 2019/01/31 v3.10 Extensive control of page headers and footer
s
\f@nch@headwidth=\skip60
\f@nch@O@elh=\skip61
\f@nch@O@erh=\skip62
\f@nch@O@olh=\skip63
\f@nch@O@orh=\skip64
\f@nch@O@elf=\skip65
\f@nch@O@erf=\skip66
\f@nch@O@olf=\skip67
\f@nch@O@orf=\skip68
)
(/usr/local/texlive/2020/texmf-dist/tex/latex/float/float.sty
Package: float 2001/11/08 v1.3d Float enhancements (AL)
\c@float@type=\count194
\float@exts=\toks25
\float@box=\box54
\@float@everytoks=\toks26
\@floatcapt=\box55
)
(/usr/local/texlive/2020/texmf-dist/tex/latex/psnfss/times.sty
Package: times 2005/04/12 PSNFSS-v9.2a (SPQR) 
)
(/usr/local/texlive/2020/texmf-dist/tex/latex/multirow/multirow.sty
Package: multirow 2019/05/31 v2.5 Span multiple rows of a table
\multirow@colwidth=\skip69
\multirow@cntb=\count195
\multirow@dima=\skip70
\bigstrutjot=\dimen154
)
(/usr/local/texlive/2020/texmf-dist/tex/latex/xcolor/xcolor.sty
Package: xcolor 2016/05/11 v2.12 LaTeX color extensions (UK)

(/usr/local/texlive/2020/texmf-dist/tex/latex/graphics-cfg/color.cfg
File: color.cfg 2016/01/02 v1.6 sample color configuration
)
Package xcolor Info: Driver file: pdftex.def on input line 225.
Package xcolor Info: Model `cmy' substituted by `cmy0' on input line 1348.
Package xcolor Info: Model `hsb' substituted by `rgb' on input line 1352.
Package xcolor Info: Model `RGB' extended on input line 1364.
Package xcolor Info: Model `HTML' substituted by `rgb' on input line 1366.
Package xcolor Info: Model `Hsb' substituted by `hsb' on input line 1367.
Package xcolor Info: Model `tHsb' substituted by `hsb' on input line 1368.
Package xcolor Info: Model `HSB' substituted by `hsb' on input line 1369.
Package xcolor Info: Model `Gray' substituted by `gray' on input line 1370.
Package xcolor Info: Model `wave' substituted by `hsb' on input line 1371.
)
(/usr/local/texlive/2020/texmf-dist/tex/latex/tools/multicol.sty
Package: multicol 2019/12/09 v1.8y multicolumn formatting (FMi)
\c@tracingmulticols=\count196
\mult@box=\box56
\multicol@leftmargin=\dimen155
\c@unbalance=\count197
\c@collectmore=\count198
\doublecol@number=\count199
\multicoltolerance=\count266
\multicolpretolerance=\count267
\full@width=\dimen156
\page@free=\dimen157
\premulticols=\dimen158
\postmulticols=\dimen159
\multicolsep=\skip71
\multicolbaselineskip=\skip72
\partial@page=\box57
\last@line=\box58
\maxbalancingoverflow=\dimen160
\mult@rightbox=\box59
\mult@grightbox=\box60
\mult@gfirstbox=\box61
\mult@firstbox=\box62
\@tempa=\box63
\@tempa=\box64
\@tempa=\box65
\@tempa=\box66
\@tempa=\box67
\@tempa=\box68
\@tempa=\box69
\@tempa=\box70
\@tempa=\box71
\@tempa=\box72
\@tempa=\box73
\@tempa=\box74
\@tempa=\box75
\@tempa=\box76
\@tempa=\box77
\@tempa=\box78
\@tempa=\box79
\@tempa=\box80
\@tempa=\box81
\@tempa=\box82
\@tempa=\box83
\@tempa=\box84
\@tempa=\box85
\@tempa=\box86
\@tempa=\box87
\@tempa=\box88
\@tempa=\box89
\@tempa=\box90
\@tempa=\box91
\@tempa=\box92
\@tempa=\box93
\@tempa=\box94
\@tempa=\box95
\@tempa=\box96
\@tempa=\box97
\@tempa=\box98
\@tempa=\box99
\c@minrows=\count268
\c@columnbadness=\count269
\c@finalcolumnbadness=\count270
\last@try=\dimen161
\multicolovershoot=\dimen162
\multicolundershoot=\dimen163
\mult@nat@firstbox=\box100
\colbreak@box=\box101
\mc@col@check@num=\count271
)
(/usr/local/texlive/2020/texmf-dist/tex/latex/adjustbox/adjustbox.sty
Package: adjustbox 2019/01/04 v1.2 Adjusting TeX boxes (trim, clip, ...)

(/usr/local/texlive/2020/texmf-dist/tex/latex/xkeyval/xkeyval.sty
Package: xkeyval 2014/12/03 v2.7a package option processing (HA)

(/usr/local/texlive/2020/texmf-dist/tex/generic/xkeyval/xkeyval.tex
(/usr/local/texlive/2020/texmf-dist/tex/generic/xkeyval/xkvutils.tex
\XKV@toks=\toks27
\XKV@tempa@toks=\toks28
)
\XKV@depth=\count272
File: xkeyval.tex 2014/12/03 v2.7a key=value parser (HA)
))
(/usr/local/texlive/2020/texmf-dist/tex/latex/adjustbox/adjcalc.sty
Package: adjcalc 2012/05/16 v1.1 Provides advanced setlength with multiple back
-ends (calc, etex, pgfmath)
)
(/usr/local/texlive/2020/texmf-dist/tex/latex/adjustbox/trimclip.sty
Package: trimclip 2018/04/08 v1.1 Trim and clip general TeX material

(/usr/local/texlive/2020/texmf-dist/tex/latex/collectbox/collectbox.sty
Package: collectbox 2012/05/17 v0.4b Collect macro arguments as boxes
\collectedbox=\box102
)
\tc@llx=\dimen164
\tc@lly=\dimen165
\tc@urx=\dimen166
\tc@ury=\dimen167
Package trimclip Info: Using driver 'tc-pdftex.def'.

(/usr/local/texlive/2020/texmf-dist/tex/latex/adjustbox/tc-pdftex.def
File: tc-pdftex.def 2019/01/04 v2.2 Clipping driver for pdftex
))
\adjbox@Width=\dimen168
\adjbox@Height=\dimen169
\adjbox@Depth=\dimen170
\adjbox@Totalheight=\dimen171
\adjbox@pwidth=\dimen172
\adjbox@pheight=\dimen173
\adjbox@pdepth=\dimen174
\adjbox@ptotalheight=\dimen175

(/usr/local/texlive/2020/texmf-dist/tex/latex/ifoddpage/ifoddpage.sty
Package: ifoddpage 2016/04/23 v1.1 Conditionals for odd/even page detection
\c@checkoddpage=\count273
)
(/usr/local/texlive/2020/texmf-dist/tex/latex/varwidth/varwidth.sty
Package: varwidth 2009/03/30 ver 0.92;  Variable-width minipages
\@vwid@box=\box103
\sift@deathcycles=\count274
\@vwid@loff=\dimen176
\@vwid@roff=\dimen177
))
(/usr/local/texlive/2020/texmf-dist/tex/latex/tools/hhline.sty
Package: hhline 2020/01/04 v2.04 Table rule package (DPC)
)
(/usr/local/texlive/2020/texmf-dist/tex/latex/placeins/placeins.sty
Package: placeins 2005/04/18  v 2.2
)
(/usr/local/texlive/2020/texmf-dist/tex/latex/ragged2e/ragged2e.sty
Package: ragged2e 2019/07/28 v2.2 ragged2e Package (MS)

(/usr/local/texlive/2020/texmf-dist/tex/latex/ms/everysel.sty
Package: everysel 2011/10/28 v1.2 EverySelectfont Package (MS)
)
\CenteringLeftskip=\skip73
\RaggedLeftLeftskip=\skip74
\RaggedRightLeftskip=\skip75
\CenteringRightskip=\skip76
\RaggedLeftRightskip=\skip77
\RaggedRightRightskip=\skip78
\CenteringParfillskip=\skip79
\RaggedLeftParfillskip=\skip80
\RaggedRightParfillskip=\skip81
\JustifyingParfillskip=\skip82
\CenteringParindent=\skip83
\RaggedLeftParindent=\skip84
\RaggedRightParindent=\skip85
\JustifyingParindent=\skip86
)
(/usr/local/texlive/2020/texmf-dist/tex/latex/caption/subcaption.sty
Package: subcaption 2020/01/22 v1.3d Sub-captions (AR)

(/usr/local/texlive/2020/texmf-dist/tex/latex/caption/caption.sty
Package: caption 2020/01/03 v3.4h Customizing captions (AR)

(/usr/local/texlive/2020/texmf-dist/tex/latex/caption/caption3.sty
Package: caption3 2020/01/03 v1.8h caption3 kernel (AR)
Package caption3 Info: TeX engine: e-TeX on input line 61.
\captionmargin=\dimen178
\captionmargin@=\dimen179
\captionwidth=\dimen180
\caption@tempdima=\dimen181
\caption@indent=\dimen182
\caption@parindent=\dimen183
\caption@hangindent=\dimen184
Package caption Info: Standard document class detected.
)
\c@caption@flags=\count275
\c@continuedfloat=\count276
Package caption Info: float package is loaded.
Package caption Info: longtable package is loaded.

(/usr/local/texlive/2020/texmf-dist/tex/latex/caption/ltcaption.sty
Package: ltcaption 2018/08/26 v1.4a longtable captions (AR)
)
Package caption Info: rotating package is loaded.
)
\c@subfigure=\count277
\c@subtable=\count278
)
(/usr/local/texlive/2020/texmf-dist/tex/latex/biblatex/biblatex.sty
Package: biblatex 2019/12/01 v3.14 programmable bibliographies (PK/MW)

(/usr/local/texlive/2020/texmf-dist/tex/latex/pdftexcmds/pdftexcmds.sty
Package: pdftexcmds 2019/11/24 v0.31 Utility functions of pdfTeX for LuaTeX (HO
)

(/usr/local/texlive/2020/texmf-dist/tex/generic/infwarerr/infwarerr.sty
Package: infwarerr 2019/12/03 v1.5 Providing info/warning/error messages (HO)
)
(/usr/local/texlive/2020/texmf-dist/tex/generic/iftex/iftex.sty
Package: iftex 2020/03/06 v1.0d TeX engine tests
)
(/usr/local/texlive/2020/texmf-dist/tex/generic/ltxcmds/ltxcmds.sty
Package: ltxcmds 2019/12/15 v1.24 LaTeX kernel commands for general use (HO)
)
Package pdftexcmds Info: \pdf@primitive is available.
Package pdftexcmds Info: \pdf@ifprimitive is available.
Package pdftexcmds Info: \pdfdraftmode found.
)
(/usr/local/texlive/2020/texmf-dist/tex/latex/etoolbox/etoolbox.sty
Package: etoolbox 2019/09/21 v2.5h e-TeX tools for LaTeX (JAW)
\etb@tempcnta=\count279
)
(/usr/local/texlive/2020/texmf-dist/tex/latex/kvoptions/kvoptions.sty
Package: kvoptions 2019/11/29 v3.13 Key value format for package options (HO)

(/usr/local/texlive/2020/texmf-dist/tex/generic/kvsetkeys/kvsetkeys.sty
Package: kvsetkeys 2019/12/15 v1.18 Key value parser (HO)
))
(/usr/local/texlive/2020/texmf-dist/tex/latex/logreq/logreq.sty
Package: logreq 2010/08/04 v1.0 xml request logger
\lrq@indent=\count280

(/usr/local/texlive/2020/texmf-dist/tex/latex/logreq/logreq.def
File: logreq.def 2010/08/04 v1.0 logreq spec v1.0
))
(/usr/local/texlive/2020/texmf-dist/tex/latex/url/url.sty
\Urlmuskip=\muskip17
Package: url 2013/09/16  ver 3.4  Verb mode for urls, etc.
)
\c@tabx@nest=\count281
\c@listtotal=\count282
\c@listcount=\count283
\c@liststart=\count284
\c@liststop=\count285
\c@citecount=\count286
\c@citetotal=\count287
\c@multicitecount=\count288
\c@multicitetotal=\count289
\c@instcount=\count290
\c@maxnames=\count291
\c@minnames=\count292
\c@maxitems=\count293
\c@minitems=\count294
\c@citecounter=\count295
\c@maxcitecounter=\count296
\c@savedcitecounter=\count297
\c@uniquelist=\count298
\c@uniquename=\count299
\c@refsection=\count300
\c@refsegment=\count301
\c@maxextratitle=\count302
\c@maxextratitleyear=\count303
\c@maxextraname=\count304
\c@maxextradate=\count305
\c@maxextraalpha=\count306
\c@abbrvpenalty=\count307
\c@highnamepenalty=\count308
\c@lownamepenalty=\count309
\c@maxparens=\count310
\c@parenlevel=\count311
\blx@tempcnta=\count312
\blx@tempcntb=\count313
\blx@tempcntc=\count314
\blx@maxsection=\count315
\blx@maxsegment@0=\count316
\blx@notetype=\count317
\blx@parenlevel@text=\count318
\blx@parenlevel@foot=\count319
\blx@sectionciteorder@0=\count320
\blx@entrysetcounter=\count321
\labelnumberwidth=\skip87
\labelalphawidth=\skip88
\biblabelsep=\skip89
\bibitemsep=\skip90
\bibnamesep=\skip91
\bibinitsep=\skip92
\bibparsep=\skip93
\bibhang=\skip94
\blx@bcfin=\read2
\blx@bcfout=\write3
\blx@langwohyphens=\language86
\c@mincomprange=\count322
\c@maxcomprange=\count323
\c@mincompwidth=\count324
Package biblatex Info: Trying to load biblatex default data model...
Package biblatex Info: ... file 'blx-dm.def' found.

(/usr/local/texlive/2020/texmf-dist/tex/latex/biblatex/blx-dm.def
File: blx-dm.def 2019/12/01 v3.14 biblatex localization (PK/MW)
)
Package biblatex Info: Trying to load biblatex custom data model...
Package biblatex Info: ... file 'biblatex-dm.cfg' not found.
\c@afterword=\count325
\c@savedafterword=\count326
\c@annotator=\count327
\c@savedannotator=\count328
\c@author=\count329
\c@savedauthor=\count330
\c@bookauthor=\count331
\c@savedbookauthor=\count332
\c@commentator=\count333
\c@savedcommentator=\count334
\c@editor=\count335
\c@savededitor=\count336
\c@editora=\count337
\c@savededitora=\count338
\c@editorb=\count339
\c@savededitorb=\count340
\c@editorc=\count341
\c@savededitorc=\count342
\c@foreword=\count343
\c@savedforeword=\count344
\c@holder=\count345
\c@savedholder=\count346
\c@introduction=\count347
\c@savedintroduction=\count348
\c@namea=\count349
\c@savednamea=\count350
\c@nameb=\count351
\c@savednameb=\count352
\c@namec=\count353
\c@savednamec=\count354
\c@translator=\count355
\c@savedtranslator=\count356
\c@shortauthor=\count357
\c@savedshortauthor=\count358
\c@shorteditor=\count359
\c@savedshorteditor=\count360
\c@labelname=\count361
\c@savedlabelname=\count362
\c@institution=\count363
\c@savedinstitution=\count364
\c@lista=\count365
\c@savedlista=\count366
\c@listb=\count367
\c@savedlistb=\count368
\c@listc=\count369
\c@savedlistc=\count370
\c@listd=\count371
\c@savedlistd=\count372
\c@liste=\count373
\c@savedliste=\count374
\c@listf=\count375
\c@savedlistf=\count376
\c@location=\count377
\c@savedlocation=\count378
\c@organization=\count379
\c@savedorganization=\count380
\c@origlocation=\count381
\c@savedoriglocation=\count382
\c@origpublisher=\count383
\c@savedorigpublisher=\count384
\c@publisher=\count385
\c@savedpublisher=\count386
\c@language=\count387
\c@savedlanguage=\count388
\c@origlanguage=\count389
\c@savedoriglanguage=\count390
\c@pageref=\count391
\c@savedpageref=\count392
\shorthandwidth=\skip95
\shortjournalwidth=\skip96
\shortserieswidth=\skip97
\shorttitlewidth=\skip98
\shortauthorwidth=\skip99
\shorteditorwidth=\skip100
\locallabelnumberwidth=\skip101
\locallabelalphawidth=\skip102
\localshorthandwidth=\skip103
\localshortjournalwidth=\skip104
\localshortserieswidth=\skip105
\localshorttitlewidth=\skip106
\localshortauthorwidth=\skip107
\localshorteditorwidth=\skip108
Package biblatex Info: Trying to load compatibility code...
Package biblatex Info: ... file 'blx-compat.def' found.

(/usr/local/texlive/2020/texmf-dist/tex/latex/biblatex/blx-compat.def
File: blx-compat.def 2019/12/01 v3.14 biblatex compatibility (PK/MW)
)
Package biblatex Info: Trying to load BibTeX backend compatibility...
Package biblatex Info: ... file 'blx-bibtex.def' found.

(/usr/local/texlive/2020/texmf-dist/tex/latex/biblatex/blx-bibtex.def
File: blx-bibtex.def 2019/12/01 v3.14 biblatex compatibility (PK/MW)


Package biblatex Warning: Using fall-back BibTeX(8) backend:
(biblatex)                functionality may be reduced/unavailable.

)
Package biblatex Info: Trying to load generic definitions...
Package biblatex Info: ... file 'biblatex.def' found.
 (/usr/local/texlive/2020/texmf-dist/tex/latex/biblatex/biblatex.def
File: biblatex.def 2019/12/01 v3.14 biblatex compatibility (PK/MW)
\c@textcitecount=\count393
\c@textcitetotal=\count394
\c@textcitemaxnames=\count395
\c@biburlbigbreakpenalty=\count396
\c@biburlbreakpenalty=\count397
\c@biburlnumpenalty=\count398
\c@biburlucpenalty=\count399
\c@biburllcpenalty=\count400
\biburlbigskip=\muskip18
\biburlnumskip=\muskip19
\biburlucskip=\muskip20
\biburllcskip=\muskip21
\c@smartand=\count401
)
Package biblatex Info: Trying to load bibliography style 'numeric'...
Package biblatex Info: ... file 'numeric.bbx' found.

(/usr/local/texlive/2020/texmf-dist/tex/latex/biblatex/bbx/numeric.bbx
File: numeric.bbx 2019/12/01 v3.14 biblatex bibliography style (PK/MW)
Package biblatex Info: Trying to load bibliography style 'standard'...
Package biblatex Info: ... file 'standard.bbx' found.

(/usr/local/texlive/2020/texmf-dist/tex/latex/biblatex/bbx/standard.bbx
File: standard.bbx 2019/12/01 v3.14 biblatex bibliography style (PK/MW)
\c@bbx:relatedcount=\count402
\c@bbx:relatedtotal=\count403
))
Package biblatex Info: Trying to load citation style 'numeric'...
Package biblatex Info: ... file 'numeric.cbx' found.

(/usr/local/texlive/2020/texmf-dist/tex/latex/biblatex/cbx/numeric.cbx
File: numeric.cbx 2019/12/01 v3.14 biblatex citation style (PK/MW)
Package biblatex Info: Redefining '\cite'.
Package biblatex Info: Redefining '\parencite'.
Package biblatex Info: Redefining '\footcite'.
Package biblatex Info: Redefining '\footcitetext'.
Package biblatex Info: Redefining '\smartcite'.
Package biblatex Info: Redefining '\supercite'.
Package biblatex Info: Redefining '\textcite'.
Package biblatex Info: Redefining '\textcites'.
Package biblatex Info: Redefining '\cites'.
Package biblatex Info: Redefining '\parencites'.
Package biblatex Info: Redefining '\smartcites'.
)
Package biblatex Info: Trying to load configuration file...
Package biblatex Info: ... file 'biblatex.cfg' found.

(/usr/local/texlive/2020/texmf-dist/tex/latex/biblatex/biblatex.cfg
File: biblatex.cfg 
))
(/usr/local/texlive/2020/texmf-dist/tex/latex/geometry/geometry.sty
Package: geometry 2020/01/02 v5.9 Page Geometry

(/usr/local/texlive/2020/texmf-dist/tex/generic/iftex/ifvtex.sty
Package: ifvtex 2019/10/25 v1.7 ifvtex legacy package. Use iftex instead.
)
\Gm@cnth=\count404
\Gm@cntv=\count405
\c@Gm@tempcnt=\count406
\Gm@bindingoffset=\dimen185
\Gm@wd@mp=\dimen186
\Gm@odd@mp=\dimen187
\Gm@even@mp=\dimen188
\Gm@layoutwidth=\dimen189
\Gm@layoutheight=\dimen190
\Gm@layouthoffset=\dimen191
\Gm@layoutvoffset=\dimen192
\Gm@dimlist=\toks29
)
\@quotelevel=\count407
\@quotereset=\count408

(/usr/local/texlive/2020/texmf-dist/tex/latex/l3backend/l3backend-pdfmode.def
File: l3backend-pdfmode.def 2020-03-12 L3 backend support: PDF mode
\l__kernel_color_stack_int=\count409
\l__pdf_internal_box=\box104
)
(./main.aux)
\openout1 = `main.aux'.

LaTeX Font Info:    Checking defaults for OML/cmm/m/it on input line 56.
LaTeX Font Info:    ... okay on input line 56.
LaTeX Font Info:    Checking defaults for OMS/cmsy/m/n on input line 56.
LaTeX Font Info:    ... okay on input line 56.
LaTeX Font Info:    Checking defaults for OT1/cmr/m/n on input line 56.
LaTeX Font Info:    ... okay on input line 56.
LaTeX Font Info:    Checking defaults for T1/cmr/m/n on input line 56.
LaTeX Font Info:    ... okay on input line 56.
LaTeX Font Info:    Checking defaults for TS1/cmr/m/n on input line 56.
LaTeX Font Info:    ... okay on input line 56.
LaTeX Font Info:    Checking defaults for OMX/cmex/m/n on input line 56.
LaTeX Font Info:    ... okay on input line 56.
LaTeX Font Info:    Checking defaults for U/cmr/m/n on input line 56.
LaTeX Font Info:    ... okay on input line 56.
LaTeX Font Info:    Trying to load font information for OT1+ptm on input line 5
6.
 (/usr/local/texlive/2020/texmf-dist/tex/latex/psnfss/ot1ptm.fd
File: ot1ptm.fd 2001/06/04 font definitions for OT1/ptm.
)
(/usr/local/texlive/2020/texmf-dist/tex/context/base/mkii/supp-pdf.mkii
[Loading MPS to PDF converter (version 2006.09.02).]
\scratchcounter=\count410
\scratchdimen=\dimen193
\scratchbox=\box105
\nofMPsegments=\count411
\nofMParguments=\count412
\everyMPshowfont=\toks30
\MPscratchCnt=\count413
\MPscratchDim=\dimen194
\MPnumerator=\count414
\makeMPintoPDFobject=\count415
\everyMPtoPDFconversion=\toks31
) (/usr/local/texlive/2020/texmf-dist/tex/latex/epstopdf-pkg/epstopdf-base.sty
Package: epstopdf-base 2020-01-24 v2.11 Base part for package epstopdf
Package epstopdf-base Info: Redefining graphics rule for `.eps' on input line 4
85.

(/usr/local/texlive/2020/texmf-dist/tex/latex/latexconfig/epstopdf-sys.cfg
File: epstopdf-sys.cfg 2010/07/13 v1.3 Configuration of (r)epstopdf for TeX Liv
e
))
ABD: EverySelectfont initializing macros
LaTeX Info: Redefining \selectfont on input line 56.
Package caption Info: Begin \AtBeginDocument code.
Package caption Info: End \AtBeginDocument code.
Package biblatex Info: Trying to load language 'english'...
Package biblatex Info: ... file 'english.lbx' found.

(/usr/local/texlive/2020/texmf-dist/tex/latex/biblatex/lbx/english.lbx
File: english.lbx 2019/12/01 v3.14 biblatex localization (PK/MW)
)
Package biblatex Info: Input encoding 'utf8' detected.
Package biblatex Info: Automatic encoding selection.
(biblatex)             Assuming data encoding 'utf8'.
Package biblatex Info: Input encoding 'utf8' specified.
Package biblatex Info: Data encoding 'utf8' specified.
(biblatex)             No need to reencode data.
\openout3 = `main-blx.bib'.

Package biblatex Info: Trying to load bibliographic data...
Package biblatex Info: ... file 'main.bbl' found.

(./main.bbl)
Package biblatex Info: Reference section=0 on input line 56.
Package biblatex Info: Reference segment=0 on input line 56.

*geometry* driver: auto-detecting
*geometry* detected driver: pdftex
*geometry* verbose mode - [ preamble ] result:
* driver: pdftex
* paper: a4paper
* layout: <same size as paper>
* layoutoffset:(h,v)=(0.0pt,0.0pt)
* modes: twoside 
* h-part:(L,W,R)=(85.35826pt, 426.79135pt, 85.35826pt)
* v-part:(T,H,B)=(71.13188pt, 672.50832pt, 101.40665pt)
* \paperwidth=597.50787pt
* \paperheight=845.04684pt
* \textwidth=426.79135pt
* \textheight=672.50832pt
* \oddsidemargin=13.08827pt
* \evensidemargin=13.08827pt
* \topmargin=-38.1381pt
* \headheight=12.0pt
* \headsep=25.0pt
* \topskip=12.0pt
* \footskip=30.0pt
* \marginparwidth=85.0pt
* \marginparsep=10.0pt
* \columnsep=10.0pt
* \skip\footins=10.8pt plus 4.0pt minus 2.0pt
* \hoffset=0.0pt
* \voffset=0.0pt
* \mag=1000
* \@twocolumnfalse
* \@twosidetrue
* \@mparswitchtrue
* \@reversemarginfalse
* (1in=72.27pt=25.4mm, 1cm=28.453pt)

</Users/soumilhooda/Desktop/COSMIC_REPORT/NEW-FIGURES/cover.png, id=1, 614.295p
t x 538.6524pt>
File: /Users/soumilhooda/Desktop/COSMIC_REPORT/NEW-FIGURES/cover.png Graphic fi
le (type png)
<use /Users/soumilhooda/Desktop/COSMIC_REPORT/NEW-FIGURES/cover.png>
Package pdftex.def Info: /Users/soumilhooda/Desktop/COSMIC_REPORT/NEW-FIGURES/c
over.png  used on input line 63.
(pdftex.def)             Requested size: 614.29349pt x 538.6511pt.
</Users/soumilhooda/Desktop/COSMIC_REPORT/isro.pdf, id=2, 903.375pt x 602.25pt>

File: /Users/soumilhooda/Desktop/COSMIC_REPORT/isro.pdf Graphic file (type pdf)

<use /Users/soumilhooda/Desktop/COSMIC_REPORT/isro.pdf>
Package pdftex.def Info: /Users/soumilhooda/Desktop/COSMIC_REPORT/isro.pdf  use
d on input line 123.
(pdftex.def)             Requested size: 903.3728pt x 602.24852pt.
[1

{/usr/local/texlive/2020/texmf-var/fonts/map/pdftex/updmap/pdftex.map} </Users/
soumilhooda/Desktop/COSMIC_REPORT/NEW-FIGURES/cover.png> </Users/soumilhooda/De
sktop/COSMIC_REPORT/isro.pdf>] [2]
LaTeX Font Info:    Trying to load font information for U+lasy on input line 15
9.

(/usr/local/texlive/2020/texmf-dist/tex/latex/base/ulasy.fd
File: ulasy.fd 1998/08/17 v2.2e LaTeX symbol font definitions
)
LaTeX Font Info:    Trying to load font information for U+msa on input line 159
.

(/usr/local/texlive/2020/texmf-dist/tex/latex/amsfonts/umsa.fd
File: umsa.fd 2013/01/14 v3.01 AMS symbols A
)
LaTeX Font Info:    Trying to load font information for U+msb on input line 159
.

(/usr/local/texlive/2020/texmf-dist/tex/latex/amsfonts/umsb.fd
File: umsb.fd 2013/01/14 v3.01 AMS symbols B
) [1] [2]
(./main.toc)
\tf@toc=\write4
\openout4 = `main.toc'.

 (./main.lof [3] [4])
\tf@lof=\write5
\openout5 = `main.lof'.

 [5]

Package Fancyhdr Warning: \headheight is too small (12.0pt): 
Make it at least 14.49998pt.
We now make it that large for the rest of the document.
This may cause the page layout to be inconsistent, however.

[6]
<images/Figure19.png, id=40, 604.50844pt x 307.1475pt>
File: images/Figure19.png Graphic file (type png)
<use images/Figure19.png>
Package pdftex.def Info: images/Figure19.png  used on input line 244.
(pdftex.def)             Requested size: 426.7873pt x 227.62303pt.

Overfull \hbox (0.79593pt too wide) in paragraph at lines 244--245
 [][] 
 []

[7] [8 <./images/Figure19.png>] [9] [10] [11] [12] [13]
</Users/soumilhooda/Desktop/COSMIC_REPORT/NEW-FIGURES/Figure_corr.png, id=69, 8
47.7271pt x 479.1501pt>
File: /Users/soumilhooda/Desktop/COSMIC_REPORT/NEW-FIGURES/Figure_corr.png Grap
hic file (type png)
<use /Users/soumilhooda/Desktop/COSMIC_REPORT/NEW-FIGURES/Figure_corr.png>
Package pdftex.def Info: /Users/soumilhooda/Desktop/COSMIC_REPORT/NEW-FIGURES/F
igure_corr.png  used on input line 349.
(pdftex.def)             Requested size: 426.78587pt x 284.53853pt.
 [14 </Users/soumilhooda/Desktop/COSMIC_REPORT/NEW-FIGURES/Figure_corr.png>]
</Users/soumilhooda/Desktop/COSMIC_REPORT/NEW-FIGURES/evp-min-mean-max-std-stat
s-profile.png, id=74, 629.7126pt x 453.6147pt>
File: /Users/soumilhooda/Desktop/COSMIC_REPORT/NEW-FIGURES/evp-min-mean-max-std
-stats-profile.png Graphic file (type png)
<use /Users/soumilhooda/Desktop/COSMIC_REPORT/NEW-FIGURES/evp-min-mean-max-std-
stats-profile.png>
Package pdftex.def Info: /Users/soumilhooda/Desktop/COSMIC_REPORT/NEW-FIGURES/e
vp-min-mean-max-std-stats-profile.png  used on input line 357.
(pdftex.def)             Requested size: 398.3449pt x 227.62354pt.
</Users/soumilhooda/Desktop/COSMIC_REPORT/NEW-FIGURES/tmp-min-mean-max-std-stat
s-profile.png, id=75, 800.63115pt x 471.6822pt>
File: /Users/soumilhooda/Desktop/COSMIC_REPORT/NEW-FIGURES/tmp-min-mean-max-std
-stats-profile.png Graphic file (type png)
<use /Users/soumilhooda/Desktop/COSMIC_REPORT/NEW-FIGURES/tmp-min-mean-max-std-
stats-profile.png>
Package pdftex.def Info: /Users/soumilhooda/Desktop/COSMIC_REPORT/NEW-FIGURES/t
mp-min-mean-max-std-stats-profile.png  used on input line 362.
(pdftex.def)             Requested size: 398.3355pt x 227.62122pt.
</Users/soumilhooda/Desktop/COSMIC_REPORT/NEW-FIGURES/prs-min-mean-max-std-stat
s-profile.png, id=76, 805.69005pt x 470.7186pt>
File: /Users/soumilhooda/Desktop/COSMIC_REPORT/NEW-FIGURES/prs-min-mean-max-std
-stats-profile.png Graphic file (type png)
<use /Users/soumilhooda/Desktop/COSMIC_REPORT/NEW-FIGURES/prs-min-mean-max-std-
stats-profile.png>
Package pdftex.def Info: /Users/soumilhooda/Desktop/COSMIC_REPORT/NEW-FIGURES/p
rs-min-mean-max-std-stats-profile.png  used on input line 367.
(pdftex.def)             Requested size: 398.3322pt x 227.62308pt.
 [15 </Users/soumilhooda/Desktop/COSMIC_REPORT/NEW-FIGURES/evp-min-mean-max-std
-stats-profile.png>]
</Users/soumilhooda/Desktop/COSMIC_REPORT/NEW-FIGURES/count-profile.png, id=81,
 463.85295pt x 629.59215pt>
File: /Users/soumilhooda/Desktop/COSMIC_REPORT/NEW-FIGURES/count-profile.png Gr
aphic file (type png)
<use /Users/soumilhooda/Desktop/COSMIC_REPORT/NEW-FIGURES/count-profile.png>
Package pdftex.def Info: /Users/soumilhooda/Desktop/COSMIC_REPORT/NEW-FIGURES/c
ount-profile.png  used on input line 375.
(pdftex.def)             Requested size: 298.75465pt x 398.35516pt.
</Users/soumilhooda/Desktop/COSMIC_REPORT/images/dist-prs-count-train20-test20-
test21.png, id=82, 3544.24126pt x 5827.7725pt>
File: /Users/soumilhooda/Desktop/COSMIC_REPORT/images/dist-prs-count-train20-te
st20-test21.png Graphic file (type png)
<use /Users/soumilhooda/Desktop/COSMIC_REPORT/images/dist-prs-count-train20-tes
t20-test21.png>
Package pdftex.def Info: /Users/soumilhooda/Desktop/COSMIC_REPORT/images/dist-p
rs-count-train20-test20-test21.png  used on input line 381.
(pdftex.def)             Requested size: 341.41144pt x 569.02809pt.

[16 </Users/soumilhooda/Desktop/COSMIC_REPORT/NEW-FIGURES/tmp-min-mean-max-std-
stats-profile.png> </Users/soumilhooda/Desktop/COSMIC_REPORT/NEW-FIGURES/prs-mi
n-mean-max-std-stats-profile.png>] [17 </Users/soumilhooda/Desktop/COSMIC_REPOR
T/NEW-FIGURES/count-profile.png>]
</Users/soumilhooda/Desktop/COSMIC_REPORT/NEW-FIGURES/refractivity-min-mean-max
-std-profile.png, id=93, 446.74905pt x 619.8357pt>
File: /Users/soumilhooda/Desktop/COSMIC_REPORT/NEW-FIGURES/refractivity-min-mea
n-max-std-profile.png Graphic file (type png)
<use /Users/soumilhooda/Desktop/COSMIC_REPORT/NEW-FIGURES/refractivity-min-mean
-max-std-profile.png>
Package pdftex.def Info: /Users/soumilhooda/Desktop/COSMIC_REPORT/NEW-FIGURES/r
efractivity-min-mean-max-std-profile.png  used on input line 388.
(pdftex.def)             Requested size: 227.62767pt x 284.53203pt.
 [18 </Users/soumilhooda/Desktop/COSMIC_REPORT/images/dist-prs-count-train20-te
st20-test21.png>] [19 </Users/soumilhooda/Desktop/COSMIC_REPORT/NEW-FIGURES/ref
ractivity-min-mean-max-std-profile.png>]
</Users/soumilhooda/Desktop/COSMIC_REPORT/images/model_evp.png, id=102, 442.653
75pt x 343.2825pt>
File: /Users/soumilhooda/Desktop/COSMIC_REPORT/images/model_evp.png Graphic fil
e (type png)
<use /Users/soumilhooda/Desktop/COSMIC_REPORT/images/model_evp.png>
Package pdftex.def Info: /Users/soumilhooda/Desktop/COSMIC_REPORT/images/model_
evp.png  used on input line 406.
(pdftex.def)             Requested size: 192.05975pt x 170.71368pt.
</Users/soumilhooda/Desktop/COSMIC_REPORT/images/model_tmpprs.png, id=103, 456.
70625pt x 344.28625pt>
File: /Users/soumilhooda/Desktop/COSMIC_REPORT/images/model_tmpprs.png Graphic 
file (type png)
<use /Users/soumilhooda/Desktop/COSMIC_REPORT/images/model_tmpprs.png>
Package pdftex.def Info: /Users/soumilhooda/Desktop/COSMIC_REPORT/images/model_
tmpprs.png  used on input line 413.
(pdftex.def)             Requested size: 192.05225pt x 170.71378pt.
LaTeX Font Info:    Trying to load font information for TS1+ptm on input line 4
22.

(/usr/local/texlive/2020/texmf-dist/tex/latex/psnfss/ts1ptm.fd
File: ts1ptm.fd 2001/06/04 font definitions for TS1/ptm.
) [20 </Users/soumilhooda/Desktop/COSMIC_REPORT/images/model_evp.png> </Users/s
oumilhooda/Desktop/COSMIC_REPORT/images/model_tmpprs.png>] [21]
</Users/soumilhooda/Desktop/COSMIC_REPORT/NEW-FIGURES/scatt-evp-train20-test20-
test21.png, id=112, 479.51144pt x 745.22415pt>
File: /Users/soumilhooda/Desktop/COSMIC_REPORT/NEW-FIGURES/scatt-evp-train20-te
st20-test21.png Graphic file (type png)
<use /Users/soumilhooda/Desktop/COSMIC_REPORT/NEW-FIGURES/scatt-evp-train20-tes
t20-test21.png>
Package pdftex.def Info: /Users/soumilhooda/Desktop/COSMIC_REPORT/NEW-FIGURES/s
catt-evp-train20-test20-test21.png  used on input line 444.
(pdftex.def)             Requested size: 298.75737pt x 341.43135pt.
</Users/soumilhooda/Desktop/COSMIC_REPORT/NEW-FIGURES/evp-bias-rmsd-std-profile
.png, id=113, 622.84695pt x 449.39896pt>
File: /Users/soumilhooda/Desktop/COSMIC_REPORT/NEW-FIGURES/evp-bias-rmsd-std-pr
ofile.png Graphic file (type png)
<use /Users/soumilhooda/Desktop/COSMIC_REPORT/NEW-FIGURES/evp-bias-rmsd-std-pro
file.png>
Package pdftex.def Info: /Users/soumilhooda/Desktop/COSMIC_REPORT/NEW-FIGURES/e
vp-bias-rmsd-std-profile.png  used on input line 450.
(pdftex.def)             Requested size: 426.79015pt x 199.16931pt.
</Users/soumilhooda/Desktop/COSMIC_REPORT/images/dist-evp-bias-train20-test20-t
est21.png, id=114, 3600.45125pt x 5849.855pt>
File: /Users/soumilhooda/Desktop/COSMIC_REPORT/images/dist-evp-bias-train20-tes
t20-test21.png Graphic file (type png)
<use /Users/soumilhooda/Desktop/COSMIC_REPORT/images/dist-evp-bias-train20-test
20-test21.png>
Package pdftex.def Info: /Users/soumilhooda/Desktop/COSMIC_REPORT/images/dist-e
vp-bias-train20-test20-test21.png  used on input line 458.
(pdftex.def)             Requested size: 136.5219pt x 270.28377pt.
</Users/soumilhooda/Desktop/COSMIC_REPORT/images/dist-evp-rmsd-train20-test20-t
est21.png, id=115, 3510.11375pt x 5860.89626pt>
File: /Users/soumilhooda/Desktop/COSMIC_REPORT/images/dist-evp-rmsd-train20-tes
t20-test21.png Graphic file (type png)
<use /Users/soumilhooda/Desktop/COSMIC_REPORT/images/dist-evp-rmsd-train20-test
20-test21.png>
Package pdftex.def Info: /Users/soumilhooda/Desktop/COSMIC_REPORT/images/dist-e
vp-rmsd-train20-test20-test21.png  used on input line 463.
(pdftex.def)             Requested size: 136.52432pt x 270.25734pt.
</Users/soumilhooda/Desktop/COSMIC_REPORT/images/dist-evp-std-train20-test20-te
st21.png, id=116, 3454.9075pt x 5838.81375pt>
File: /Users/soumilhooda/Desktop/COSMIC_REPORT/images/dist-evp-std-train20-test
20-test21.png Graphic file (type png)
<use /Users/soumilhooda/Desktop/COSMIC_REPORT/images/dist-evp-std-train20-test2
0-test21.png>
Package pdftex.def Info: /Users/soumilhooda/Desktop/COSMIC_REPORT/images/dist-e
vp-std-train20-test20-test21.png  used on input line 468.
(pdftex.def)             Requested size: 136.53851pt x 270.2191pt.
 [22 </Users/soumilhooda/Desktop/COSMIC_REPORT/NEW-FIGURES/scatt-evp-train20-te
st20-test21.png>] [23 </Users/soumilhooda/Desktop/COSMIC_REPORT/NEW-FIGURES/evp
-bias-rmsd-std-profile.png> </Users/soumilhooda/Desktop/COSMIC_REPORT/images/di
st-evp-bias-train20-test20-test21.png> </Users/soumilhooda/Desktop/COSMIC_REPOR
T/images/dist-evp-rmsd-train20-test20-test21.png> </Users/soumilhooda/Desktop/C
OSMIC_REPORT/images/dist-evp-std-train20-test20-test21.png>]
</Users/soumilhooda/Desktop/COSMIC_REPORT/NEW-FIGURES/scatt-tmp-train20-test20-
test21.png, id=129, 461.8053pt x 733.0587pt>
File: /Users/soumilhooda/Desktop/COSMIC_REPORT/NEW-FIGURES/scatt-tmp-train20-te
st20-test21.png Graphic file (type png)
<use /Users/soumilhooda/Desktop/COSMIC_REPORT/NEW-FIGURES/scatt-tmp-train20-tes
t20-test21.png>
Package pdftex.def Info: /Users/soumilhooda/Desktop/COSMIC_REPORT/NEW-FIGURES/s
catt-tmp-train20-test20-test21.png  used on input line 480.
(pdftex.def)             Requested size: 298.76056pt x 341.43924pt.
</Users/soumilhooda/Desktop/COSMIC_REPORT/NEW-FIGURES/tmp-bias-rmsd-std-profile
.png, id=130, 749.9217pt x 459.6372pt>
File: /Users/soumilhooda/Desktop/COSMIC_REPORT/NEW-FIGURES/tmp-bias-rmsd-std-pr
ofile.png Graphic file (type png)
<use /Users/soumilhooda/Desktop/COSMIC_REPORT/NEW-FIGURES/tmp-bias-rmsd-std-pro
file.png>
Package pdftex.def Info: /Users/soumilhooda/Desktop/COSMIC_REPORT/NEW-FIGURES/t
mp-bias-rmsd-std-profile.png  used on input line 486.
(pdftex.def)             Requested size: 426.79613pt x 199.16908pt.
 [24]
</Users/soumilhooda/Desktop/COSMIC_REPORT/images/dist-tmp-bias-train20-test20-t
est21.png, id=134, 436.029pt x 711.3777pt>
File: /Users/soumilhooda/Desktop/COSMIC_REPORT/images/dist-tmp-bias-train20-tes
t20-test21.png Graphic file (type png)
<use /Users/soumilhooda/Desktop/COSMIC_REPORT/images/dist-tmp-bias-train20-test
20-test21.png>
Package pdftex.def Info: /Users/soumilhooda/Desktop/COSMIC_REPORT/images/dist-t
mp-bias-train20-test20-test21.png  used on input line 494.
(pdftex.def)             Requested size: 136.57808pt x 270.29376pt.
</Users/soumilhooda/Desktop/COSMIC_REPORT/images/dist-tmp-rmsd-train20-test20-t
est21.png, id=135, 422.5386pt x 708.7278pt>
File: /Users/soumilhooda/Desktop/COSMIC_REPORT/images/dist-tmp-rmsd-train20-tes
t20-test21.png Graphic file (type png)
<use /Users/soumilhooda/Desktop/COSMIC_REPORT/images/dist-tmp-rmsd-train20-test
20-test21.png>
Package pdftex.def Info: /Users/soumilhooda/Desktop/COSMIC_REPORT/images/dist-t
mp-rmsd-train20-test20-test21.png  used on input line 499.
(pdftex.def)             Requested size: 136.57552pt x 270.30345pt.
</Users/soumilhooda/Desktop/COSMIC_REPORT/images/dist-tmp-std-train20-test20-te
st21.png, id=136, 410.4936pt x 700.65765pt>
File: /Users/soumilhooda/Desktop/COSMIC_REPORT/images/dist-tmp-std-train20-test
20-test21.png Graphic file (type png)
<use /Users/soumilhooda/Desktop/COSMIC_REPORT/images/dist-tmp-std-train20-test2
0-test21.png>
Package pdftex.def Info: /Users/soumilhooda/Desktop/COSMIC_REPORT/images/dist-t
mp-std-train20-test20-test21.png  used on input line 504.
(pdftex.def)             Requested size: 136.57823pt x 270.30461pt.
 [25 </Users/soumilhooda/Desktop/COSMIC_REPORT/NEW-FIGURES/scatt-tmp-train20-te
st20-test21.png>] [26 </Users/soumilhooda/Desktop/COSMIC_REPORT/NEW-FIGURES/tmp
-bias-rmsd-std-profile.png> </Users/soumilhooda/Desktop/COSMIC_REPORT/images/di
st-tmp-bias-train20-test20-test21.png> </Users/soumilhooda/Desktop/COSMIC_REPOR
T/images/dist-tmp-rmsd-train20-test20-test21.png> </Users/soumilhooda/Desktop/C
OSMIC_REPORT/images/dist-tmp-std-train20-test20-test21.png>]
</Users/soumilhooda/Desktop/COSMIC_REPORT/NEW-FIGURES/scatt-prs-train20-test20-
test21.png, id=148, 496.7358pt x 742.4538pt>
File: /Users/soumilhooda/Desktop/COSMIC_REPORT/NEW-FIGURES/scatt-prs-train20-te
st20-test21.png Graphic file (type png)
<use /Users/soumilhooda/Desktop/COSMIC_REPORT/NEW-FIGURES/scatt-prs-train20-tes
t20-test21.png>
Package pdftex.def Info: /Users/soumilhooda/Desktop/COSMIC_REPORT/NEW-FIGURES/s
catt-prs-train20-test20-test21.png  used on input line 517.
(pdftex.def)             Requested size: 298.75624pt x 341.43092pt.
</Users/soumilhooda/Desktop/COSMIC_REPORT/NEW-FIGURES/prs-bias-rmsd-std-profile
.png, id=149, 751.608pt x 451.9284pt>
File: /Users/soumilhooda/Desktop/COSMIC_REPORT/NEW-FIGURES/prs-bias-rmsd-std-pr
ofile.png Graphic file (type png)
<use /Users/soumilhooda/Desktop/COSMIC_REPORT/NEW-FIGURES/prs-bias-rmsd-std-pro
file.png>
Package pdftex.def Info: /Users/soumilhooda/Desktop/COSMIC_REPORT/NEW-FIGURES/p
rs-bias-rmsd-std-profile.png  used on input line 523.
(pdftex.def)             Requested size: 426.79248pt x 199.16632pt.
 [27]
</Users/soumilhooda/Desktop/COSMIC_REPORT/images/dist-prs-bias-train20-test20-t
est21.png, id=153, 3589.41pt x 5940.1925pt>
File: /Users/soumilhooda/Desktop/COSMIC_REPORT/images/dist-prs-bias-train20-tes
t20-test21.png Graphic file (type png)
<use /Users/soumilhooda/Desktop/COSMIC_REPORT/images/dist-prs-bias-train20-test
20-test21.png>
Package pdftex.def Info: /Users/soumilhooda/Desktop/COSMIC_REPORT/images/dist-p
rs-bias-train20-test20-test21.png  used on input line 531.
(pdftex.def)             Requested size: 136.5414pt x 270.28825pt.
</Users/soumilhooda/Desktop/COSMIC_REPORT/images/dist-prs-rmsd-train20-test20-t
est21.png, id=154, 3339.47626pt x 5883.9825pt>
File: /Users/soumilhooda/Desktop/COSMIC_REPORT/images/dist-prs-rmsd-train20-tes
t20-test21.png Graphic file (type png)
<use /Users/soumilhooda/Desktop/COSMIC_REPORT/images/dist-prs-rmsd-train20-test
20-test21.png>
Package pdftex.def Info: /Users/soumilhooda/Desktop/COSMIC_REPORT/images/dist-p
rs-rmsd-train20-test20-test21.png  used on input line 536.
(pdftex.def)             Requested size: 136.56271pt x 270.2445pt.
</Users/soumilhooda/Desktop/COSMIC_REPORT/images/dist-prs-std-train20-test20-te
st21.png, id=155, 3510.11375pt x 5928.1475pt>
File: /Users/soumilhooda/Desktop/COSMIC_REPORT/images/dist-prs-std-train20-test
20-test21.png Graphic file (type png)
<use /Users/soumilhooda/Desktop/COSMIC_REPORT/images/dist-prs-std-train20-test2
0-test21.png>
Package pdftex.def Info: /Users/soumilhooda/Desktop/COSMIC_REPORT/images/dist-p
rs-std-train20-test20-test21.png  used on input line 541.
(pdftex.def)             Requested size: 136.52432pt x 270.28291pt.
 [28 </Users/soumilhooda/Desktop/COSMIC_REPORT/NEW-FIGURES/scatt-prs-train20-te
st20-test21.png>] [29 </Users/soumilhooda/Desktop/COSMIC_REPORT/NEW-FIGURES/prs
-bias-rmsd-std-profile.png> </Users/soumilhooda/Desktop/COSMIC_REPORT/images/di
st-prs-bias-train20-test20-test21.png> </Users/soumilhooda/Desktop/COSMIC_REPOR
T/images/dist-prs-rmsd-train20-test20-test21.png> </Users/soumilhooda/Desktop/C
OSMIC_REPORT/images/dist-prs-std-train20-test20-test21.png>]
[30]
LaTeX Font Info:    Trying to load font information for OT1+pcr on input line 5
89.
 (/usr/local/texlive/2020/texmf-dist/tex/latex/psnfss/ot1pcr.fd
File: ot1pcr.fd 2001/06/04 font definitions for OT1/pcr.
)
Overfull \hbox (1.3763pt too wide) in paragraph at lines 590--590
\OT1/ptm/m/it/12 phys-i-cal Re-search At-mo-spheres \OT1/ptm/m/n/12 126.18 (202
1). \OT1/ptm/m/sc/12 doi\OT1/ptm/m/n/12 : $\OT1/pcr/m/n/12 10 . 1029 / 2021JD03
4935$\OT1/ptm/m/n/12 . 
 []

[31] [32] [33] (./main.aux)
Package logreq Info: Writing requests to 'main.run.xml'.
\openout1 = `main.run.xml'.

 ) 
Here is how much of TeX's memory you used:
 14100 strings out of 480608
 252082 string characters out of 5903630
 849864 words of memory out of 5000000
 29728 multiletter control sequences out of 15000+600000
 556599 words of font info for 79 fonts, out of 8000000 for 9000
 1141 hyphenation exceptions out of 8191
 62i,12n,100p,2462b,1276s stack positions out of 5000i,500n,10000p,200000b,80000s
{/usr/local/texlive/2020/texmf-dist/fonts/enc/dvips/base/8r.enc}</usr/local/t
exlive/2020/texmf-dist/fonts/type1/public/amsfonts/cm/cmex10.pfb></usr/local/te
xlive/2020/texmf-dist/fonts/type1/public/amsfonts/cm/cmmi12.pfb></usr/local/tex
live/2020/texmf-dist/fonts/type1/public/amsfonts/cm/cmmi8.pfb></usr/local/texli
ve/2020/texmf-dist/fonts/type1/public/amsfonts/cm/cmr12.pfb></usr/local/texlive
/2020/texmf-dist/fonts/type1/public/amsfonts/cm/cmr6.pfb></usr/local/texlive/20
20/texmf-dist/fonts/type1/public/amsfonts/cm/cmr8.pfb></usr/local/texlive/2020/
texmf-dist/fonts/type1/public/amsfonts/cm/cmsy10.pfb></usr/local/texlive/2020/t
exmf-dist/fonts/type1/public/amsfonts/cm/cmsy8.pfb></usr/local/texlive/2020/tex
mf-dist/fonts/type1/urw/courier/ucrr8a.pfb></usr/local/texlive/2020/texmf-dist/
fonts/type1/urw/times/utmb8a.pfb></usr/local/texlive/2020/texmf-dist/fonts/type
1/urw/times/utmr8a.pfb></usr/local/texlive/2020/texmf-dist/fonts/type1/urw/time
s/utmr8a.pfb></usr/local/texlive/2020/texmf-dist/fonts/type1/urw/times/utmri8a.
pfb>
Output written on main.pdf (35 pages, 17869285 bytes).
PDF statistics:
 225 PDF objects out of 1000 (max. 8388607)
 121 compressed objects within 2 object streams
 0 named destinations out of 1000 (max. 500000)
 136 words of extra memory for PDF output out of 10000 (max. 10000000)

